#
# There is insufficient memory for the Java Runtime Environment to continue.
# Native memory allocation (mmap) failed to map 266338304 bytes for G1 virtual space
# Possible reasons:
#   The system is out of physical RAM or swap space
#   The process is running with CompressedOops enabled, and the Java Heap may be blocking the growth of the native heap
# Possible solutions:
#   Reduce memory load on the system
#   Increase physical memory or swap space
#   Check if swap backing store is full
#   Decrease Java heap size (-Xmx/-Xms)
#   Decrease number of Java threads
#   Decrease Java thread stack sizes (-Xss)
#   Set larger code cache with -XX:ReservedCodeCacheSize=
#   JVM is running with Zero Based Compressed Oops mode in which the Java heap is
#     placed in the first 32GB address space. The Java Heap base address is the
#     maximum limit for the native heap growth. Please use -XX:HeapBaseMinAddress
#     to set the Java Heap base and to place the Java Heap above 32GB virtual address.
# This output file may be truncated or incomplete.
#
#  Out of Memory Error (os_windows.cpp:3760), pid=23180, tid=26776
#
# JRE version:  (17.0.5+1) (build )
# Java VM: OpenJDK 64-Bit Server VM (17.0.5+1-b653.14, mixed mode, sharing, tiered, compressed oops, compressed class ptrs, g1 gc, windows-amd64)
# No core dump will be written. Minidumps are not enabled by default on client versions of Windows
#

---------------  S U M M A R Y ------------

Command Line: git4idea.http.GitAskPassApp Username for 'https://github.com': 

Host: Intel(R) Core(TM) i5-10210U CPU @ 1.60GHz, 8 cores, 15G,  Windows 10 , 64 bit Build 19041 (10.0.19041.3636)
Time: Fri Apr 19 13:38:06 2024 West Asia Standard Time elapsed time: 0.035389 seconds (0d 0h 0m 0s)

---------------  T H R E A D  ---------------

Current thread (0x000002eac66e8b70):  JavaThread "Unknown thread" [_thread_in_vm, id=26776, stack(0x000000f04eb00000,0x000000f04ec00000)]

Stack: [0x000000f04eb00000,0x000000f04ec00000]
Native frames: (J=compiled Java code, j=interpreted, Vv=VM code, C=native code)
V  [jvm.dll+0x6830ca]
V  [jvm.dll+0x83f4c4]
V  [jvm.dll+0x840c6e]
V  [jvm.dll+0x8412d3]
V  [jvm.dll+0x2490b5]
V  [jvm.dll+0x67ff99]
V  [jvm.dll+0x6744aa]
V  [jvm.dll+0x308f2b]
V  [jvm.dll+0x3103e6]
V  [jvm.dll+0x36013e]
V  [jvm.dll+0x36036f]
V  [jvm.dll+0x2df018]
V  [jvm.dll+0x2dff84]
V  [jvm.dll+0x810d91]
V  [jvm.dll+0x36df31]
V  [jvm.dll+0x7f028c]
V  [jvm.dll+0x3f0cbf]
V  [jvm.dll+0x3f2801]
C  [jli.dll+0x526b]
C  [ucrtbase.dll+0x21bb2]
C  [KERNEL32.DLL+0x17344]
C  [ntdll.dll+0x526b1]


---------------  P R O C E S S  ---------------

Threads class SMR info:
_java_thread_list=0x00007ffc1fe48f98, length=0, elements={
}

Java Threads: ( => current thread )

Other Threads:
  0x000002eac6753830 GCTaskThread "GC Thread#0" [stack: 0x000000f04ec00000,0x000000f04ed00000] [id=13244]
  0x000002eac67644f0 ConcurrentGCThread "G1 Main Marker" [stack: 0x000000f04ed00000,0x000000f04ee00000] [id=26404]
  0x000002eac6764f00 ConcurrentGCThread "G1 Conc#0" [stack: 0x000000f04ee00000,0x000000f04ef00000] [id=23048]

[error occurred during error reporting (printing all threads), id 0xc0000005, EXCEPTION_ACCESS_VIOLATION (0xc0000005) at pc=0x00007ffc1f5ffbd7]

VM state: not at safepoint (not fully initialized)

VM Mutex/Monitor currently owned by a thread:  ([mutex/lock_event])
[0x000002eac66e30f0] Heap_lock - owner thread: 0x000002eac66e8b70

Heap address: 0x0000000702800000, size: 4056 MB, Compressed Oops mode: Zero based, Oop shift amount: 3

CDS archive(s) mapped at: [0x0000000000000000-0x0000000000000000-0x0000000000000000), size 0, SharedBaseAddress: 0x0000000800000000, ArchiveRelocationMode: 0.
Narrow klass base: 0x0000000000000000, Narrow klass shift: 0, Narrow klass range: 0x0

GC Precious Log:
<Empty>

Heap:
 garbage-first heap   total 0K, used 0K [0x0000000702800000, 0x0000000800000000)
  region size 2048K, 0 young (0K), 0 survivors (0K)

[error occurred during error reporting (printing heap information), id 0xc0000005, EXCEPTION_ACCESS_VIOLATION (0xc0000005) at pc=0x00007ffc1f9ecd59]

GC Heap History (0 events):
No events

Dll operation events (1 events):
Event: 0.021 Loaded shared library C:\Program Files\JetBrains\IntelliJ IDEA 2022.3\jbr\bin\java.dll

Deoptimization events (0 events):
No events

Classes unloaded (0 events):
No events

Classes redefined (0 events):
No events

Internal exceptions (0 events):
No events

VM Operations (0 events):
No events

Events (0 events):
No events


Dynamic libraries:
0x00007ff67fd10000 - 0x00007ff67fd1a000 	C:\Program Files\JetBrains\IntelliJ IDEA 2022.3\jbr\bin\java.exe
0x00007ffc89b70000 - 0x00007ffc89d68000 	C:\Windows\SYSTEM32\ntdll.dll
0x00007ffc88310000 - 0x00007ffc883cd000 	C:\Windows\System32\KERNEL32.DLL
0x00007ffc87350000 - 0x00007ffc87646000 	C:\Windows\System32\KERNELBASE.dll
0x00007ffc878e0000 - 0x00007ffc879e0000 	C:\Windows\System32\ucrtbase.dll
0x00007ffc7e5d0000 - 0x00007ffc7e5e7000 	C:\Program Files\JetBrains\IntelliJ IDEA 2022.3\jbr\bin\jli.dll
0x00007ffc6b470000 - 0x00007ffc6b48b000 	C:\Program Files\JetBrains\IntelliJ IDEA 2022.3\jbr\bin\VCRUNTIME140.dll
0x00007ffc898f0000 - 0x00007ffc89a8e000 	C:\Windows\System32\USER32.dll
0x00007ffc879e0000 - 0x00007ffc87a02000 	C:\Windows\System32\win32u.dll
0x00007ffc6b5c0000 - 0x00007ffc6b85a000 	C:\Windows\WinSxS\amd64_microsoft.windows.common-controls_6595b64144ccf1df_6.0.19041.3636_none_60b6a03d71f818d5\COMCTL32.dll
0x00007ffc87e10000 - 0x00007ffc87e3b000 	C:\Windows\System32\GDI32.dll
0x00007ffc88020000 - 0x00007ffc880be000 	C:\Windows\System32\msvcrt.dll
0x00007ffc87a80000 - 0x00007ffc87b97000 	C:\Windows\System32\gdi32full.dll
0x00007ffc87840000 - 0x00007ffc878dd000 	C:\Windows\System32\msvcp_win.dll
0x00007ffc885c0000 - 0x00007ffc885f2000 	C:\Windows\System32\IMM32.DLL
0x00007ffc82260000 - 0x00007ffc8226c000 	C:\Program Files\JetBrains\IntelliJ IDEA 2022.3\jbr\bin\vcruntime140_1.dll
0x00007ffc3fde0000 - 0x00007ffc3fe6d000 	C:\Program Files\JetBrains\IntelliJ IDEA 2022.3\jbr\bin\msvcp140.dll
0x00007ffc1f310000 - 0x00007ffc1ff7b000 	C:\Program Files\JetBrains\IntelliJ IDEA 2022.3\jbr\bin\server\jvm.dll
0x00007ffc89770000 - 0x00007ffc89820000 	C:\Windows\System32\ADVAPI32.dll
0x00007ffc89a90000 - 0x00007ffc89b30000 	C:\Windows\System32\sechost.dll
0x00007ffc87ba0000 - 0x00007ffc87cc5000 	C:\Windows\System32\RPCRT4.dll
0x00007ffc87270000 - 0x00007ffc87297000 	C:\Windows\System32\bcrypt.dll
0x00007ffc54f50000 - 0x00007ffc54f59000 	C:\Windows\SYSTEM32\WSOCK32.dll
0x00007ffc6ba90000 - 0x00007ffc6bab7000 	C:\Windows\SYSTEM32\WINMM.dll
0x00007ffc84780000 - 0x00007ffc8478a000 	C:\Windows\SYSTEM32\VERSION.dll
0x00007ffc883d0000 - 0x00007ffc8843b000 	C:\Windows\System32\WS2_32.dll
0x00007ffc85a20000 - 0x00007ffc85a32000 	C:\Windows\SYSTEM32\kernel.appcore.dll
0x00007ffc7f020000 - 0x00007ffc7f02a000 	C:\Program Files\JetBrains\IntelliJ IDEA 2022.3\jbr\bin\jimage.dll
0x00007ffc84de0000 - 0x00007ffc84fc4000 	C:\Windows\SYSTEM32\DBGHELP.DLL
0x00007ffc824b0000 - 0x00007ffc824e4000 	C:\Windows\SYSTEM32\dbgcore.DLL
0x00007ffc87650000 - 0x00007ffc876d2000 	C:\Windows\System32\bcryptPrimitives.dll
0x00007ffc57dd0000 - 0x00007ffc57df5000 	C:\Program Files\JetBrains\IntelliJ IDEA 2022.3\jbr\bin\java.dll

dbghelp: loaded successfully - version: 4.0.5 - missing functions: none
symbol engine: initialized successfully - sym options: 0x614 - pdb path: .;C:\Program Files\JetBrains\IntelliJ IDEA 2022.3\jbr\bin;C:\Windows\SYSTEM32;C:\Windows\WinSxS\amd64_microsoft.windows.common-controls_6595b64144ccf1df_6.0.19041.3636_none_60b6a03d71f818d5;C:\Program Files\JetBrains\IntelliJ IDEA 2022.3\jbr\bin\server

VM Arguments:
java_command: git4idea.http.GitAskPassApp Username for 'https://github.com': 
java_class_path (initial): C:/Program Files/JetBrains/IntelliJ IDEA 2022.3/plugins/vcs-git/lib/git4idea-rt.jar;C:/Program Files/JetBrains/IntelliJ IDEA 2022.3/lib/externalProcess-rt.jar;C:/Program Files/JetBrains/IntelliJ IDEA 2022.3/lib/app.jar;C:/Program Files/JetBrains/IntelliJ IDEA 2022.3/lib/3rd-party-rt.jar
Launcher Type: SUN_STANDARD

[Global flags]
     intx CICompilerCount                          = 4                                         {product} {ergonomic}
     uint ConcGCThreads                            = 2                                         {product} {ergonomic}
     uint G1ConcRefinementThreads                  = 8                                         {product} {ergonomic}
   size_t G1HeapRegionSize                         = 2097152                                   {product} {ergonomic}
    uintx GCDrainStackTargetSize                   = 64                                        {product} {ergonomic}
   size_t InitialHeapSize                          = 266338304                                 {product} {ergonomic}
   size_t MarkStackSize                            = 4194304                                   {product} {ergonomic}
   size_t MaxHeapSize                              = 4253024256                                {product} {ergonomic}
   size_t MinHeapDeltaBytes                        = 2097152                                   {product} {ergonomic}
   size_t MinHeapSize                              = 8388608                                   {product} {ergonomic}
    uintx NonNMethodCodeHeapSize                   = 5839372                                {pd product} {ergonomic}
    uintx NonProfiledCodeHeapSize                  = 122909434                              {pd product} {ergonomic}
    uintx ProfiledCodeHeapSize                     = 122909434                              {pd product} {ergonomic}
    uintx ReservedCodeCacheSize                    = 251658240                              {pd product} {ergonomic}
     bool SegmentedCodeCache                       = true                                      {product} {ergonomic}
   size_t SoftMaxHeapSize                          = 4253024256                             {manageable} {ergonomic}
     bool UseCompressedClassPointers               = true                           {product lp64_product} {ergonomic}
     bool UseCompressedOops                        = true                           {product lp64_product} {ergonomic}
     bool UseG1GC                                  = true                                      {product} {ergonomic}
     bool UseLargePagesIndividualAllocation        = false                                  {pd product} {ergonomic}

Logging:
Log output configuration:
 #0: stdout all=warning uptime,level,tags
 #1: stderr all=off uptime,level,tags

Environment Variables:
JAVA_HOME=C:\Program Files\Eclipse Adoptium\jdk-17.0.6.10-hotspot" /m
PATH=C:\Program Files\Git\mingw64\libexec\git-core;C:\Program Files\Git\mingw64\libexec\git-core;C:\Program Files\Git\mingw64\bin;C:\Program Files\Git\usr\bin;C:\Users\user\bin;C:\Python312\Scripts;C:\Python312;C:\Program Files\Eclipse Adoptium\jdk-17.0.6.10-hotspot\bin;C:\Python311\Scripts;C:\Python311;C:\Program Files\Microsoft\jdk-11.0.12.7-hotspot\bin;C:\Windows\system32;C:\Windows;C:\Windows\System32\Wbem;C:\Windows\System32\WindowsPowerShell\v1.0;C:\Windows\System32\OpenSSH;C:\Program Files (x86)\NVIDIA Corporation\PhysX\Common;C:\Program Files\NVIDIA Corporation\NVIDIA NvDLISR;C:\Program Files (x86)\Microsoft SQL Server\160\Tools\Binn;C:\Program Files\Microsoft SQL Server\160\Tools\Binn;C:\Program Files\Microsoft SQL Server\Client SDK\ODBC\170\Tools\Binn;C:\Program Files\Microsoft SQL Server\160\DTS\Binn;C:\Program Files\Azure Data Studio\bin;C:\Program Files (x86)\Microsoft SQL Server\160\DTS\Binn;C:\Program Files\Microsoft SQL Server\150\Tools\Binn;C:\Program Files\dotnet;C:\Program Files\Git\cmd;C:\ProgramData\chocolatey\bin;C:\Program Files\MongoDB\Server\6.0\bin;C:\Program Files\MongoDB\Server\mongosh-1.6.1-win32-x64\bin;C:\Users\user\AppData\Roaming\nvm;C:\Program Files\nodejs;C:\Program Files\Microsoft SQL Server\140\DTS\Binn;C:\Program Files\Microsoft SQL Server\150\DTS\Binn;C:\Program Files\Microsoft SQL Server\130\Tools\Binn;C:\Program Files (x86)\Microsoft SQL Server\110\DTS\Binn;C:\Program Files (x86)\Microsoft SQL Server\120\DTS\Binn;C:\Program Files (x86)\Microsoft SQL Server\130\DTS\Binn;C:\Program Files (x86)\Microsoft SQL Server\140\DTS\Binn;C:\Program Files (x86)\Microsoft SQL Server\150\DTS\Binn;C:\Users\user\AppData\Roaming\nvm;C:\Program Files\nodejs;C:\Program Files\RabbitMQ Server;C:\Program Files\RabbitMQ Server\rabbitmq_server-3.12.12;C:\Program Files\OpenSSL-Win64\bin;C:\Program Files\openssl-3.0.13;C:\Program Files\Certbot\bin;C:\Program Files\Docker\Docker\resources\bin;C:\Users\user\AppData\Local\Microsoft\WindowsApps;C:\Program File
USERNAME=user
DISPLAY=:0.0
LC_ALL=en_US.UTF-8
TERM=cygwin
TMPDIR=C:\Users\user\AppData\Local\Temp
OS=Windows_NT
PROCESSOR_IDENTIFIER=Intel64 Family 6 Model 142 Stepping 12, GenuineIntel
TMP=C:\Users\user\AppData\Local\Temp
TEMP=C:\Users\user\AppData\Local\Temp



---------------  S Y S T E M  ---------------

OS:
 Windows 10 , 64 bit Build 19041 (10.0.19041.3636)
OS uptime: 5 days 22:26 hours
Hyper-V role detected

CPU: total 8 (initial active 8) (4 cores per cpu, 2 threads per core) family 6 model 142 stepping 12 microcode 0xf0, cx8, cmov, fxsr, ht, mmx, 3dnowpref, sse, sse2, sse3, ssse3, sse4.1, sse4.2, popcnt, lzcnt, tsc, tscinvbit, avx, avx2, aes, erms, clmul, bmi1, bmi2, adx, fma, vzeroupper, clflush, clflushopt, hv

Memory: 4k page, system-wide physical 16221M (834M free)
TotalPageFile size 32338M (AvailPageFile size 30M)
current process WorkingSet (physical memory assigned to process): 10M, peak: 10M
current process commit charge ("private bytes"): 60M, peak: 314M

vm_info: OpenJDK 64-Bit Server VM (17.0.5+1-b653.14) for windows-amd64 JRE (17.0.5+1-b653.14), built on 2022-11-10 by "builduser" with MS VC++ 16.10 / 16.11 (VS2019)

END.
